<?xml version="1.0" encoding="UTF-8"?>
<!-- Generated by org.testng.reporters.JUnitReportReporter -->
<testsuite name="com.exceldataaccess.App" tests="2" time="19.879" ignored="0" failures="0" timestamp="21 Nov 2017 11:11:00 GMT" skipped="0" hostname="ATMECSINDT-055" errors="0">
  <testcase name="Loginscript" time="11.181" classname="com.exceldataaccess.App"/>
  <testcase name="Loginscript" time="8.698" classname="com.exceldataaccess.App"/>
</testsuite> <!-- com.exceldataaccess.App -->
